2020.7.20 更新
- 简化了部分命令
- 解决了 #add 命令时不能有换行的 bug
- 添加 todo list 和 update log
- 添加了 #roll 功能
- 修改了语料匹配逻辑，将原来的从对应语料中随机一条发送修改为分条全部发送

2020.7.21 更新
- 加入语音功能，每次回复有 40% 的概率回复语音
- 加入狼人杀、随机二次元图片、pixiv 搜图、随机猫片等功能
- 将刷屏判断阈值由 40 改为 7
- 由于某些大家都知道的原因，语料添加加入以下限制：
    - 语料长度不能超过 20
    - 同一语料对应的匹配数不超过 7 条

2020.7.22 更新
- 暂停了语音功能的使用
- 加入历史上的今天、精神小伙语录等功能
- 将随机图片插件删除，改为内置功能 #二次元
- 将一言插件删除，改为内置功能 #一言
$%$2020.8 酷 Q 框架停止服务，bot 死了

2021.2.13 更新
- 换用 go-cqhttp 框架，bot 秽土转生成功（雾）
- 原先基于插件的若干功能（如狼人杀、随机猫片、pixiv 搜图）停用

2021.2.14
- 将精神小伙语录功能删除
- 清除原语料库（原因：被某个群群友调教成了祖安 bot）
- 将刷屏判断阈值设为 40
- 语料长度限制设为 60（为了能够添加图片）

2021.2.15
- 新增 #二维码 功能
- 新增 #猫猫 功能
- 修复了 #add 功能参数可以为空串的 bug